<?xml version="1.0" encoding="UTF-8"?>
<!-- Generated by org.testng.reporters.JUnitReportReporter -->
<testsuite hostname="AMAC02VW1N8HTD8" failures="0" tests="2" name="strategy.PaymentScreenTest" time="9.408" errors="0" timestamp="2021-02-08T19:10:57 IST" skipped="0">
  <testcase classname="strategy.PaymentScreenTest" name="paymentTest" time="5.643"/>
  <system-out/>
  <testcase classname="strategy.PaymentScreenTest" name="paymentTest" time="3.765"/>
  <system-out/>
</testsuite> <!-- strategy.PaymentScreenTest -->
